2024-10-18 19:39:22.966    main                	Starting DTSwiftInstrumentor (Version: 8.301.1.1001, Path: /opt/homebrew/bin/DTSwiftInstrumentor)
2024-10-18 19:39:22.969    main                	Executing command: /opt/homebrew/bin/DTSwiftInstrumentor instrument /Users/igor/Desktop/Ackee/dynatrace-instrumentor-example
2024-10-18 19:39:22.970    CrashReporter       	Initializing crash reporter
2024-10-18 19:39:23.037    ProcessTools        	⚠️ warning ⚠️: Found 1 other instances of the instrumentor running. Please check if the running processes are intentional, otherwise this could be a bug (symptom). List of other instrumentor processes:
2024-10-18 19:39:23.037    ProcessTools        	⚠️ warning ⚠️:    PID TTY           TIME CMD
2024-10-18 19:39:23.037    ProcessTools        	⚠️ warning ⚠️: - 84825 ??         0:00.45 /opt/homebrew/bin/DTSwiftInstrumentor watchdog /Users/igor/Desktop/Ackee/dynatrace-instrumentor-example
2024-10-18 19:39:23.039    BuildSettingsHelpers	Checking Info.plists for custom settings
2024-10-18 19:39:23.043    BuildSettingsHelpers	- Checking Derived/InfoPlists/dynatrace-example-Info.plist
2024-10-18 19:39:23.043    BuildSettingsHelpers	-- Found Derived/InfoPlists/dynatrace-example-Info.plist
2024-10-18 19:39:23.043    BuildSettingsHelpers	-- Found Derived/InfoPlists/dynatrace-example-Info.plist
2024-10-18 19:39:23.043    BuildSettingsHelpers	-- Found Derived/InfoPlists/dynatrace-example-Info.plist
2024-10-18 19:39:23.043    BuildSettingsHelpers	-- Found Derived/InfoPlists/dynatrace-example-Info.plist
2024-10-18 19:39:23.043    BuildSettingsHelpers	-- Found Derived/InfoPlists/dynatrace-example-Info.plist
2024-10-18 19:39:23.043    BuildSettingsHelpers	-- Found Derived/InfoPlists/dynatrace-example-Info.plist
2024-10-18 19:39:23.044    BuildSettingsHelpers	-- Found Derived/InfoPlists/dynatrace-example-Info.plist
2024-10-18 19:39:23.044    BuildSettingsHelpers	-- Found Derived/InfoPlists/dynatrace-example-Info.plist
2024-10-18 19:39:23.044    BuildSettingsHelpers	- Checking Derived/InfoPlists/dynatrace-exampleTests-Info.plist
2024-10-18 19:39:23.045    BuildSettingsHelpers	- Checking Carthage/Build/Dynatrace.xcframework/tvos-arm64/Dynatrace.framework/Info.plist
2024-10-18 19:39:23.045    BuildSettingsHelpers	-- Found Carthage/Build/Dynatrace.xcframework/tvos-arm64/Dynatrace.framework/Info.plist
2024-10-18 19:39:23.045    BuildSettingsHelpers	-- Found Carthage/Build/Dynatrace.xcframework/tvos-arm64/Dynatrace.framework/Info.plist
2024-10-18 19:39:23.046    BuildSettingsHelpers	- Checking Carthage/Build/Dynatrace.xcframework/tvos-arm64_x86_64-simulator/Dynatrace.framework/Info.plist
2024-10-18 19:39:23.046    BuildSettingsHelpers	-- Found Carthage/Build/Dynatrace.xcframework/tvos-arm64_x86_64-simulator/Dynatrace.framework/Info.plist
2024-10-18 19:39:23.046    BuildSettingsHelpers	-- Found Carthage/Build/Dynatrace.xcframework/tvos-arm64_x86_64-simulator/Dynatrace.framework/Info.plist
2024-10-18 19:39:23.046    BuildSettingsHelpers	- Checking Carthage/Build/Dynatrace.xcframework/ios-arm64_x86_64-simulator/Dynatrace.framework/Info.plist
2024-10-18 19:39:23.046    BuildSettingsHelpers	-- Found Carthage/Build/Dynatrace.xcframework/ios-arm64_x86_64-simulator/Dynatrace.framework/Info.plist
2024-10-18 19:39:23.047    BuildSettingsHelpers	-- Found Carthage/Build/Dynatrace.xcframework/ios-arm64_x86_64-simulator/Dynatrace.framework/Info.plist
2024-10-18 19:39:23.047    BuildSettingsHelpers	- Checking Carthage/Build/Dynatrace.xcframework/ios-arm64/Dynatrace.framework/Info.plist
2024-10-18 19:39:23.047    BuildSettingsHelpers	-- Found Carthage/Build/Dynatrace.xcframework/ios-arm64/Dynatrace.framework/Info.plist
2024-10-18 19:39:23.047    BuildSettingsHelpers	-- Found Carthage/Build/Dynatrace.xcframework/ios-arm64/Dynatrace.framework/Info.plist
2024-10-18 19:39:23.047    BuildSettingsHelpers	- Checking Carthage/Build/Dynatrace.xcframework/Info.plist
2024-10-18 19:39:23.048    BuildSettingsHelpers	- Checking Carthage/Build/iOS/DynatraceSessionReplay.framework/CoreDataModel.momd/VersionInfo.plist
2024-10-18 19:39:23.048    BuildSettingsHelpers	- Checking Carthage/Build/iOS/DynatraceSessionReplay.framework/Info.plist
2024-10-18 19:39:23.049    BuildSettingsHelpers	-- Found Carthage/Build/iOS/DynatraceSessionReplay.framework/Info.plist
2024-10-18 19:39:23.049    BuildSettingsHelpers	-- Found Carthage/Build/iOS/DynatraceSessionReplay.framework/Info.plist
2024-10-18 19:39:23.049    BuildSettingsHelpers	-- Found Carthage/Build/iOS/DynatraceSessionReplay.framework/Info.plist
2024-10-18 19:39:23.049    BuildSettingsHelpers	- Checking Carthage/Build/iOS/Dynatrace.framework/Info.plist
2024-10-18 19:39:23.050    BuildSettingsHelpers	-- Found Carthage/Build/iOS/Dynatrace.framework/Info.plist
2024-10-18 19:39:23.050    BuildSettingsHelpers	-- Found Carthage/Build/iOS/Dynatrace.framework/Info.plist
2024-10-18 19:39:23.050    BuildSettingsHelpers	- Checking Carthage/Build/tvOS/DynatraceTVOS.framework/Info.plist
2024-10-18 19:39:23.051    BuildSettingsHelpers	-- Found Carthage/Build/tvOS/DynatraceTVOS.framework/Info.plist
2024-10-18 19:39:23.051    BuildSettingsHelpers	-- Found Carthage/Build/tvOS/DynatraceTVOS.framework/Info.plist
2024-10-18 19:39:23.051    BuildSettingsHelpers	- Checking Carthage/Build/DynatraceSessionReplay.xcframework/ios-arm64_x86_64-simulator/DynatraceSessionReplay.framework/CoreDataModel.momd/VersionInfo.plist
2024-10-18 19:39:23.052    BuildSettingsHelpers	- Checking Carthage/Build/DynatraceSessionReplay.xcframework/ios-arm64_x86_64-simulator/DynatraceSessionReplay.framework/Info.plist
2024-10-18 19:39:23.052    BuildSettingsHelpers	-- Found Carthage/Build/DynatraceSessionReplay.xcframework/ios-arm64_x86_64-simulator/DynatraceSessionReplay.framework/Info.plist
2024-10-18 19:39:23.052    BuildSettingsHelpers	-- Found Carthage/Build/DynatraceSessionReplay.xcframework/ios-arm64_x86_64-simulator/DynatraceSessionReplay.framework/Info.plist
2024-10-18 19:39:23.052    BuildSettingsHelpers	-- Found Carthage/Build/DynatraceSessionReplay.xcframework/ios-arm64_x86_64-simulator/DynatraceSessionReplay.framework/Info.plist
2024-10-18 19:39:23.053    BuildSettingsHelpers	- Checking Carthage/Build/DynatraceSessionReplay.xcframework/ios-arm64/DynatraceSessionReplay.framework/CoreDataModel.momd/VersionInfo.plist
2024-10-18 19:39:23.053    BuildSettingsHelpers	- Checking Carthage/Build/DynatraceSessionReplay.xcframework/ios-arm64/DynatraceSessionReplay.framework/Info.plist
2024-10-18 19:39:23.054    BuildSettingsHelpers	-- Found Carthage/Build/DynatraceSessionReplay.xcframework/ios-arm64/DynatraceSessionReplay.framework/Info.plist
2024-10-18 19:39:23.054    BuildSettingsHelpers	-- Found Carthage/Build/DynatraceSessionReplay.xcframework/ios-arm64/DynatraceSessionReplay.framework/Info.plist
2024-10-18 19:39:23.054    BuildSettingsHelpers	-- Found Carthage/Build/DynatraceSessionReplay.xcframework/ios-arm64/DynatraceSessionReplay.framework/Info.plist
2024-10-18 19:39:23.054    BuildSettingsHelpers	- Checking Carthage/Build/DynatraceSessionReplay.xcframework/Info.plist
2024-10-18 19:39:23.055    BuildSettingsHelpers	- Checking Carthage/Build/DynatraceStatic.xcframework/ios-arm64_x86_64-simulator/DynatraceStatic.framework/Info.plist
2024-10-18 19:39:23.055    BuildSettingsHelpers	-- Found Carthage/Build/DynatraceStatic.xcframework/ios-arm64_x86_64-simulator/DynatraceStatic.framework/Info.plist
2024-10-18 19:39:23.055    BuildSettingsHelpers	-- Found Carthage/Build/DynatraceStatic.xcframework/ios-arm64_x86_64-simulator/DynatraceStatic.framework/Info.plist
2024-10-18 19:39:23.056    BuildSettingsHelpers	- Checking Carthage/Build/DynatraceStatic.xcframework/ios-arm64/DynatraceStatic.framework/Info.plist
2024-10-18 19:39:23.056    BuildSettingsHelpers	-- Found Carthage/Build/DynatraceStatic.xcframework/ios-arm64/DynatraceStatic.framework/Info.plist
2024-10-18 19:39:23.056    BuildSettingsHelpers	-- Found Carthage/Build/DynatraceStatic.xcframework/ios-arm64/DynatraceStatic.framework/Info.plist
2024-10-18 19:39:23.056    BuildSettingsHelpers	- Checking Carthage/Build/DynatraceStatic.xcframework/Info.plist
2024-10-18 19:39:23.061    BuildSettingsHelpers	Found custom settings: {
    DTXApplicationID = "bdec758a-9f38-44cb-a612-26b41e2dee51";
    DTXBeaconURL = "https://dags.jtfg.com:443/mbeacon/d8393bba-1c4a-4d2d-b99b-288ec20865d3";
    DTXExcludedSwiftUIFiles =     (
        "Tuist/"
    );
    DTXSessionReplayVersion = "1.301.1.1632";
    DTXStartupLoadBalancing = 1;
    DTXSwiftUIIgnoreDeploymentTarget = 1;
    DTXSwiftUIInstrumentSimulatorBuilds = 1;
    DTXUIActionNamePrivacy = 1;
    DTXUserOptIn = 1;
    DTXcode = 1500;
    DTXcodeBuild = 15A240d;
}
2024-10-18 19:39:23.061    BuildSettingsHelpers	Loading excluded items list:
2024-10-18 19:39:23.061    BuildSettingsHelpers	-- Found entry Tuist/
2024-10-18 19:39:23.061    BuildSettingsHelpers	--- Adding Tuist/ to directory exclusion list
2024-10-18 19:39:23.061    BuildSettingsHelpers	Done loading exclusions
2024-10-18 19:39:23.062    BuildSettingsHelpers	- Excluded directories:
2024-10-18 19:39:23.062    BuildSettingsHelpers	Tuist/
2024-10-18 19:39:23.062    BuildSettingsHelpers	- Excluded files:
2024-10-18 19:39:23.062    BuildSettingsHelpers	-
2024-10-18 19:39:23.128    Instrument          	Acquiring instrumentation lock (/Users/igor/Desktop/Ackee/dynatrace-instrumentor-example/.dynatrace/.lock)
2024-10-18 19:39:23.131    UpdateCheck         	Checking for updates
2024-10-18 19:39:23.131    UpdateCheck         	API rate limitation check active
2024-10-18 19:39:23.132    UpdateCheck         	rate limited
2024-10-18 19:39:23.132    UpdateCheck         	⚠️ warning ⚠️: SwiftUI Instrumentor version 8.301.1 is available. Please update.
2024-10-18 19:39:23.132    Instrument          	Checking for project instrumentation upgrades
2024-10-18 19:39:23.137    Instrument          	Backup and Instrument *.swift files
2024-10-18 19:39:23.138    Instrument          	▶️⬇️ Start instrumenting: Tuist/Config.swift
2024-10-18 19:39:23.138    Instrument          	File found on exclusion list, skipping instrumentation
2024-10-18 19:39:23.138    Instrument          	⏹⬆️ Stop instrumenting: Tuist/Config.swift
2024-10-18 19:39:23.138    Instrument          	▶️⬇️ Start instrumenting: Tuist/Package.swift
2024-10-18 19:39:23.138    Instrument          	File found on exclusion list, skipping instrumentation
2024-10-18 19:39:23.138    Instrument          	⏹⬆️ Stop instrumenting: Tuist/Package.swift
2024-10-18 19:39:23.139    Instrument          	▶️⬇️ Start instrumenting: Derived/Sources/TuistBundle+DynatraceExample.swift
2024-10-18 19:39:23.139    Instrument          	Copying original file Derived/Sources/TuistBundle+DynatraceExample.swift to Derived/Sources/TuistBundle+DynatraceExample.swift.orig
2024-10-18 19:39:23.139    Instrument          	Instrumenting Derived/Sources/TuistBundle+DynatraceExample.swift.orig as Derived/Sources/TuistBundle+DynatraceExample.swift
2024-10-18 19:39:23.140    InstrumentFile      	Instrumenting controls: ["Button", "Stepper", "Picker", "Toggle", "Slider", "NavigationLink", "PasteButton", "EditButton", "DatePicker", "ColorPicker", "MultiDatePicker", "Link", "ShareLink", "List", "TabView", "Menu"]
2024-10-18 19:39:23.140    InstrumentFile      	Instrumenting modifiers: ["navigationDestination", "popover", "sheet", "renameAction", "onTapGesture", "refreshable"]
2024-10-18 19:39:23.140    InstrumentFile      	Input file /Users/igor/Desktop/Ackee/dynatrace-instrumentor-example/Derived/Sources/TuistBundle+DynatraceExample.swift.orig
2024-10-18 19:39:23.141    InstrumentFile      	Instrumenting:
2024-10-18 19:39:23.141    Rewriter            	* Adding Dynatrace import and info header
2024-10-18 19:39:23.141    InstrumentFile      	Statistics:
2024-10-18 19:39:23.141    InstrumentFile      	* No controls were instrumented
2024-10-18 19:39:23.141    InstrumentFile      	* 0 warning(s) and 0 error(s) occured during instrumentation
2024-10-18 19:39:23.142    InstrumentFile      	Didn't instrument any controls, writing unmodified file to: /Users/igor/Desktop/Ackee/dynatrace-instrumentor-example/Derived/Sources/TuistBundle+DynatraceExample.swift
2024-10-18 19:39:23.142    InstrumentFile      	Truncating and replacing: /Users/igor/Desktop/Ackee/dynatrace-instrumentor-example/Derived/Sources/TuistBundle+DynatraceExample.swift
2024-10-18 19:39:23.142    Instrument          	⏹⬆️ Stop instrumenting: Derived/Sources/TuistBundle+DynatraceExample.swift
2024-10-18 19:39:23.142    Instrument          	▶️⬇️ Start instrumenting: Derived/Sources/TuistAssets+DynatraceExample.swift
2024-10-18 19:39:23.142    Instrument          	Copying original file Derived/Sources/TuistAssets+DynatraceExample.swift to Derived/Sources/TuistAssets+DynatraceExample.swift.orig
2024-10-18 19:39:23.142    Instrument          	Instrumenting Derived/Sources/TuistAssets+DynatraceExample.swift.orig as Derived/Sources/TuistAssets+DynatraceExample.swift
2024-10-18 19:39:23.143    InstrumentFile      	Instrumenting controls: ["Button", "Stepper", "Picker", "Toggle", "Slider", "NavigationLink", "PasteButton", "EditButton", "DatePicker", "ColorPicker", "MultiDatePicker", "Link", "ShareLink", "List", "TabView", "Menu"]
2024-10-18 19:39:23.143    InstrumentFile      	Instrumenting modifiers: ["navigationDestination", "popover", "sheet", "renameAction", "onTapGesture", "refreshable"]
2024-10-18 19:39:23.143    InstrumentFile      	Input file /Users/igor/Desktop/Ackee/dynatrace-instrumentor-example/Derived/Sources/TuistAssets+DynatraceExample.swift.orig
2024-10-18 19:39:23.144    InstrumentFile      	Instrumenting:
2024-10-18 19:39:23.144    Rewriter            	* Adding Dynatrace import and info header
2024-10-18 19:39:23.144    InstrumentFile      	Statistics:
2024-10-18 19:39:23.144    InstrumentFile      	* No controls were instrumented
2024-10-18 19:39:23.145    InstrumentFile      	* 0 warning(s) and 0 error(s) occured during instrumentation
2024-10-18 19:39:23.145    InstrumentFile      	Didn't instrument any controls, writing unmodified file to: /Users/igor/Desktop/Ackee/dynatrace-instrumentor-example/Derived/Sources/TuistAssets+DynatraceExample.swift
2024-10-18 19:39:23.145    InstrumentFile      	Truncating and replacing: /Users/igor/Desktop/Ackee/dynatrace-instrumentor-example/Derived/Sources/TuistAssets+DynatraceExample.swift
2024-10-18 19:39:23.145    Instrument          	⏹⬆️ Stop instrumenting: Derived/Sources/TuistAssets+DynatraceExample.swift
2024-10-18 19:39:23.146    Instrument          	▶️⬇️ Start instrumenting: dynatrace-example/Tests/DynatraceExample2Tests.swift
2024-10-18 19:39:23.146    Instrument          	⚠️ warning ⚠️: dynatrace-example/Tests/DynatraceExample2Tests.swift.orig already exists, renaming to dynatrace-example/Tests/DynatraceExample2Tests.swift.orig_dynatrace_backup_20241018-193923
2024-10-18 19:39:23.146    Instrument          	Copying original file dynatrace-example/Tests/DynatraceExample2Tests.swift to dynatrace-example/Tests/DynatraceExample2Tests.swift.orig
2024-10-18 19:39:23.146    Instrument          	Instrumenting dynatrace-example/Tests/DynatraceExample2Tests.swift.orig as dynatrace-example/Tests/DynatraceExample2Tests.swift
2024-10-18 19:39:23.147    InstrumentFile      	Instrumenting controls: ["Button", "Stepper", "Picker", "Toggle", "Slider", "NavigationLink", "PasteButton", "EditButton", "DatePicker", "ColorPicker", "MultiDatePicker", "Link", "ShareLink", "List", "TabView", "Menu"]
2024-10-18 19:39:23.147    InstrumentFile      	Instrumenting modifiers: ["navigationDestination", "popover", "sheet", "renameAction", "onTapGesture", "refreshable"]
2024-10-18 19:39:23.147    InstrumentFile      	Input file /Users/igor/Desktop/Ackee/dynatrace-instrumentor-example/dynatrace-example/Tests/DynatraceExample2Tests.swift.orig
2024-10-18 19:39:23.147    InstrumentFile      	Instrumenting:
2024-10-18 19:39:23.148    Rewriter            	* Adding Dynatrace import and info header
2024-10-18 19:39:23.148    InstrumentFile      	Statistics:
2024-10-18 19:39:23.148    InstrumentFile      	* No controls were instrumented
2024-10-18 19:39:23.148    InstrumentFile      	* 0 warning(s) and 0 error(s) occured during instrumentation
2024-10-18 19:39:23.148    InstrumentFile      	Didn't instrument any controls, writing unmodified file to: /Users/igor/Desktop/Ackee/dynatrace-instrumentor-example/dynatrace-example/Tests/DynatraceExample2Tests.swift
2024-10-18 19:39:23.148    InstrumentFile      	Truncating and replacing: /Users/igor/Desktop/Ackee/dynatrace-instrumentor-example/dynatrace-example/Tests/DynatraceExample2Tests.swift
2024-10-18 19:39:23.148    Instrument          	⏹⬆️ Stop instrumenting: dynatrace-example/Tests/DynatraceExample2Tests.swift
2024-10-18 19:39:23.149    Instrument          	▶️⬇️ Start instrumenting: dynatrace-example/Sources/AppDelegate.swift
2024-10-18 19:39:23.149    Instrument          	⚠️ warning ⚠️: dynatrace-example/Sources/AppDelegate.swift.orig already exists, renaming to dynatrace-example/Sources/AppDelegate.swift.orig_dynatrace_backup_20241018-193923
2024-10-18 19:39:23.149    Instrument          	Copying original file dynatrace-example/Sources/AppDelegate.swift to dynatrace-example/Sources/AppDelegate.swift.orig
2024-10-18 19:39:23.149    Instrument          	Instrumenting dynatrace-example/Sources/AppDelegate.swift.orig as dynatrace-example/Sources/AppDelegate.swift
2024-10-18 19:39:23.150    InstrumentFile      	Instrumenting controls: ["Button", "Stepper", "Picker", "Toggle", "Slider", "NavigationLink", "PasteButton", "EditButton", "DatePicker", "ColorPicker", "MultiDatePicker", "Link", "ShareLink", "List", "TabView", "Menu"]
2024-10-18 19:39:23.150    InstrumentFile      	Instrumenting modifiers: ["navigationDestination", "popover", "sheet", "renameAction", "onTapGesture", "refreshable"]
2024-10-18 19:39:23.150    InstrumentFile      	Input file /Users/igor/Desktop/Ackee/dynatrace-instrumentor-example/dynatrace-example/Sources/AppDelegate.swift.orig
2024-10-18 19:39:23.150    InstrumentFile      	Instrumenting:
2024-10-18 19:39:23.151    Rewriter            	* Adding Dynatrace info header
2024-10-18 19:39:23.151    InstrumentFile      	Statistics:
2024-10-18 19:39:23.151    InstrumentFile      	* No controls were instrumented
2024-10-18 19:39:23.151    InstrumentFile      	* 0 warning(s) and 0 error(s) occured during instrumentation
2024-10-18 19:39:23.151    InstrumentFile      	Didn't instrument any controls, writing unmodified file to: /Users/igor/Desktop/Ackee/dynatrace-instrumentor-example/dynatrace-example/Sources/AppDelegate.swift
2024-10-18 19:39:23.151    InstrumentFile      	Truncating and replacing: /Users/igor/Desktop/Ackee/dynatrace-instrumentor-example/dynatrace-example/Sources/AppDelegate.swift
2024-10-18 19:39:23.151    Instrument          	⏹⬆️ Stop instrumenting: dynatrace-example/Sources/AppDelegate.swift
2024-10-18 19:39:23.151    Instrument          	▶️⬇️ Start instrumenting: dynatrace-example/Sources/main.swift
2024-10-18 19:39:23.152    Instrument          	⚠️ warning ⚠️: dynatrace-example/Sources/main.swift.orig already exists, renaming to dynatrace-example/Sources/main.swift.orig_dynatrace_backup_20241018-193923
2024-10-18 19:39:23.152    Instrument          	Copying original file dynatrace-example/Sources/main.swift to dynatrace-example/Sources/main.swift.orig
2024-10-18 19:39:23.152    Instrument          	Instrumenting dynatrace-example/Sources/main.swift.orig as dynatrace-example/Sources/main.swift
2024-10-18 19:39:23.153    InstrumentFile      	Instrumenting controls: ["Button", "Stepper", "Picker", "Toggle", "Slider", "NavigationLink", "PasteButton", "EditButton", "DatePicker", "ColorPicker", "MultiDatePicker", "Link", "ShareLink", "List", "TabView", "Menu"]
2024-10-18 19:39:23.153    InstrumentFile      	Instrumenting modifiers: ["navigationDestination", "popover", "sheet", "renameAction", "onTapGesture", "refreshable"]
2024-10-18 19:39:23.153    InstrumentFile      	Input file /Users/igor/Desktop/Ackee/dynatrace-instrumentor-example/dynatrace-example/Sources/main.swift.orig
2024-10-18 19:39:23.153    InstrumentFile      	Instrumenting:
2024-10-18 19:39:23.153    Rewriter            	* Adding Dynatrace import and info header
2024-10-18 19:39:23.153    InstrumentFile      	Statistics:
2024-10-18 19:39:23.153    InstrumentFile      	* No controls were instrumented
2024-10-18 19:39:23.154    InstrumentFile      	* 0 warning(s) and 0 error(s) occured during instrumentation
2024-10-18 19:39:23.154    InstrumentFile      	Didn't instrument any controls, writing unmodified file to: /Users/igor/Desktop/Ackee/dynatrace-instrumentor-example/dynatrace-example/Sources/main.swift
2024-10-18 19:39:23.154    InstrumentFile      	Truncating and replacing: /Users/igor/Desktop/Ackee/dynatrace-instrumentor-example/dynatrace-example/Sources/main.swift
2024-10-18 19:39:23.154    Instrument          	⏹⬆️ Stop instrumenting: dynatrace-example/Sources/main.swift
2024-10-18 19:39:23.154    Instrument          	▶️⬇️ Start instrumenting: dynatrace-example/Sources/ContentView.swift
2024-10-18 19:39:23.154    Instrument          	⚠️ warning ⚠️: dynatrace-example/Sources/ContentView.swift.orig already exists, renaming to dynatrace-example/Sources/ContentView.swift.orig_dynatrace_backup_20241018-193923
2024-10-18 19:39:23.154    Instrument          	Copying original file dynatrace-example/Sources/ContentView.swift to dynatrace-example/Sources/ContentView.swift.orig
2024-10-18 19:39:23.155    Instrument          	Instrumenting dynatrace-example/Sources/ContentView.swift.orig as dynatrace-example/Sources/ContentView.swift
2024-10-18 19:39:23.155    InstrumentFile      	Instrumenting controls: ["Button", "Stepper", "Picker", "Toggle", "Slider", "NavigationLink", "PasteButton", "EditButton", "DatePicker", "ColorPicker", "MultiDatePicker", "Link", "ShareLink", "List", "TabView", "Menu"]
2024-10-18 19:39:23.155    InstrumentFile      	Instrumenting modifiers: ["navigationDestination", "popover", "sheet", "renameAction", "onTapGesture", "refreshable"]
2024-10-18 19:39:23.155    InstrumentFile      	Input file /Users/igor/Desktop/Ackee/dynatrace-instrumentor-example/dynatrace-example/Sources/ContentView.swift.orig
2024-10-18 19:39:23.157    InstrumentFile      	Instrumenting:
2024-10-18 19:39:23.157    Rewriter            	* Adding Dynatrace import and info header
2024-10-18 19:39:23.158    InstrumentFile      	Statistics:
2024-10-18 19:39:23.158    InstrumentFile      	* No controls were instrumented
2024-10-18 19:39:23.158    InstrumentFile      	* 0 warning(s) and 0 error(s) occured during instrumentation
2024-10-18 19:39:23.158    InstrumentFile      	Didn't instrument any controls, writing unmodified file to: /Users/igor/Desktop/Ackee/dynatrace-instrumentor-example/dynatrace-example/Sources/ContentView.swift
2024-10-18 19:39:23.158    InstrumentFile      	Truncating and replacing: /Users/igor/Desktop/Ackee/dynatrace-instrumentor-example/dynatrace-example/Sources/ContentView.swift
2024-10-18 19:39:23.158    Instrument          	⏹⬆️ Stop instrumenting: dynatrace-example/Sources/ContentView.swift
2024-10-18 19:39:23.165    Instrument          	▶️⬇️ Start instrumenting: Project.swift
2024-10-18 19:39:23.166    Instrument          	⚠️ warning ⚠️: Project.swift.orig already exists, renaming to Project.swift.orig_dynatrace_backup_20241018-193923
2024-10-18 19:39:23.166    Instrument          	Copying original file Project.swift to Project.swift.orig
2024-10-18 19:39:23.166    Instrument          	Instrumenting Project.swift.orig as Project.swift
2024-10-18 19:39:23.167    InstrumentFile      	Instrumenting controls: ["Button", "Stepper", "Picker", "Toggle", "Slider", "NavigationLink", "PasteButton", "EditButton", "DatePicker", "ColorPicker", "MultiDatePicker", "Link", "ShareLink", "List", "TabView", "Menu"]
2024-10-18 19:39:23.167    InstrumentFile      	Instrumenting modifiers: ["navigationDestination", "popover", "sheet", "renameAction", "onTapGesture", "refreshable"]
2024-10-18 19:39:23.167    InstrumentFile      	Input file /Users/igor/Desktop/Ackee/dynatrace-instrumentor-example/Project.swift.orig
2024-10-18 19:39:23.168    InstrumentFile      	Instrumenting:
2024-10-18 19:39:23.168    Rewriter            	* Adding Dynatrace import and info header
2024-10-18 19:39:23.168    InstrumentFile      	Statistics:
2024-10-18 19:39:23.168    InstrumentFile      	* No controls were instrumented
2024-10-18 19:39:23.168    InstrumentFile      	* 0 warning(s) and 0 error(s) occured during instrumentation
2024-10-18 19:39:23.168    InstrumentFile      	Didn't instrument any controls, writing unmodified file to: /Users/igor/Desktop/Ackee/dynatrace-instrumentor-example/Project.swift
2024-10-18 19:39:23.168    InstrumentFile      	Truncating and replacing: /Users/igor/Desktop/Ackee/dynatrace-instrumentor-example/Project.swift
2024-10-18 19:39:23.169    Instrument          	⏹⬆️ Stop instrumenting: Project.swift
2024-10-18 19:39:23.175    Instrument          	Found Dynatrace mapping file placeholders in: dynatrace-example/Sources/AppDelegate.swift
2024-10-18 19:39:23.186    Instrument          	Generating line number mapping in: /Users/igor/Desktop/Ackee/dynatrace-instrumentor-example
2024-10-18 19:39:23.187    LineMapping         	- Creating mapping for file: /Users/igor/Desktop/Ackee/dynatrace-instrumentor-example/Derived/Sources/TuistAssets+DynatraceExample.swift.orig
2024-10-18 19:39:23.187    LineMapping         	Diff is empty, skipping post-processing
2024-10-18 19:39:23.187    LineMapping         	- Creating mapping for file: /Users/igor/Desktop/Ackee/dynatrace-instrumentor-example/Derived/Sources/TuistBundle+DynatraceExample.swift.orig
2024-10-18 19:39:23.187    LineMapping         	Diff is empty, skipping post-processing
2024-10-18 19:39:23.187    LineMapping         	- Creating mapping for file: /Users/igor/Desktop/Ackee/dynatrace-instrumentor-example/dynatrace-example/Tests/DynatraceExample2Tests.swift.orig
2024-10-18 19:39:23.188    LineMapping         	Diff is empty, skipping post-processing
2024-10-18 19:39:23.188    LineMapping         	- Creating mapping for file: /Users/igor/Desktop/Ackee/dynatrace-instrumentor-example/dynatrace-example/Sources/ContentView.swift.orig
2024-10-18 19:39:23.188    LineMapping         	Diff is empty, skipping post-processing
2024-10-18 19:39:23.188    LineMapping         	- Creating mapping for file: /Users/igor/Desktop/Ackee/dynatrace-instrumentor-example/dynatrace-example/Sources/main.swift.orig
2024-10-18 19:39:23.189    LineMapping         	Diff is empty, skipping post-processing
2024-10-18 19:39:23.189    LineMapping         	- Creating mapping for file: /Users/igor/Desktop/Ackee/dynatrace-instrumentor-example/dynatrace-example/Sources/AppDelegate.swift.orig
2024-10-18 19:39:23.189    LineMapping         	Diff is empty, skipping post-processing
2024-10-18 19:39:23.194    LineMapping         	- Creating mapping for file: /Users/igor/Desktop/Ackee/dynatrace-instrumentor-example/Project.swift.orig
2024-10-18 19:39:23.195    LineMapping         	Diff is empty, skipping post-processing
2024-10-18 19:39:23.201    Instrument          	- Writing mapping file to : /Users/igor/Desktop/Ackee/dynatrace-instrumentor-example/.dynatrace/mapping.json
2024-10-18 19:39:23.203    Instrument          	Found Dynatrace mapping file placeholders in: dynatrace-example/Sources/AppDelegate.swift
2024-10-18 19:39:23.203    Instrument          	- Replacing with mapping file content.
2024-10-18 19:39:23.223    main                	Starting DTSwiftInstrumentor (Version: 8.301.1.1001, Path: /opt/homebrew/bin/DTSwiftInstrumentor)
2024-10-18 19:39:23.227    main                	Executing command: /opt/homebrew/bin/DTSwiftInstrumentor watchdog /Users/igor/Desktop/Ackee/dynatrace-instrumentor-example
2024-10-18 19:39:23.227    CrashReporter       	Initializing crash reporter
2024-10-18 19:39:23.298    ProcessTools        	⚠️ warning ⚠️: Found 1 other instances of the instrumentor running. Please check if the running processes are intentional, otherwise this could be a bug (symptom). List of other instrumentor processes:
2024-10-18 19:39:23.298    ProcessTools        	⚠️ warning ⚠️:    PID TTY           TIME CMD
2024-10-18 19:39:23.298    ProcessTools        	⚠️ warning ⚠️: - 84825 ??         0:00.45 /opt/homebrew/bin/DTSwiftInstrumentor watchdog /Users/igor/Desktop/Ackee/dynatrace-instrumentor-example
2024-10-18 19:39:23.302    Watchdog            	Build DB is located in: /Users/igor/Library/Developer/Xcode/DerivedData/dynatrace-example-comrkhsfrlrvzzfshwzdmlzerrxm/Build/Intermediates.noindex/XCBuildData/build.db
2024-10-18 19:39:23.303    Watchdog            	DB open failed: unable to open database file
2024-10-18 19:39:23.303    Watchdog            	Query not successful (iteration=-1 version=-1), retrying (120).
2024-10-18 19:39:23.311    Watchdog            	DB open failed: unable to open database file
2024-10-18 19:39:23.311    Watchdog            	Query not successful (iteration=-1 version=-1), retrying (87).
2024-10-18 19:39:23.807    Watchdog            	Current iteration 0 on version 17
2024-10-18 19:39:23.807    Watchdog            	Adding file system listener to: /Users/igor/Library/Developer/Xcode/DerivedData/dynatrace-example-comrkhsfrlrvzzfshwzdmlzerrxm/Build/Intermediates.noindex/XCBuildData/build.db
2024-10-18 19:39:23.807    Watchdog            	Completed setup, notifying build instrumentation.
2024-10-18 19:39:23.808    Watchdog            	No update found (iteration 0 on version 17) -> re-check in 1 second
2024-10-18 19:39:23.812    Watchdog            	Iteration update found: 0
2024-10-18 19:39:23.812    CrashReporter       	Set started from crash to: false
2024-10-18 19:39:23.813    Restore             	Backup instrumented *.swift files and restore original versions
2024-10-18 19:39:23.815    Restore             	⏮⬇️ Start restoring: Derived/Sources/TuistAssets+DynatraceExample.swift.orig
2024-10-18 19:39:23.816    Restore             	Collecting intrumented file for review (Derived/Sources/TuistAssets+DynatraceExample.swift -> dynatrace_instrumented/current/Derived/Sources/TuistAssets+DynatraceExample.swift
2024-10-18 19:39:23.816    Restore             	Restoring original source file from Derived/Sources/TuistAssets+DynatraceExample.swift.orig to Derived/Sources/TuistAssets+DynatraceExample.swift
2024-10-18 19:39:23.816    Restore             	Truncating and replacing: /Users/igor/Desktop/Ackee/dynatrace-instrumentor-example/Derived/Sources/TuistAssets+DynatraceExample.swift
2024-10-18 19:39:23.817    Restore             	⏹⬆️ Stop restoring: Derived/Sources/TuistAssets+DynatraceExample.swift.orig
2024-10-18 19:39:23.817    Restore             	⏮⬇️ Start restoring: Derived/Sources/TuistBundle+DynatraceExample.swift.orig
2024-10-18 19:39:23.817    Restore             	Collecting intrumented file for review (Derived/Sources/TuistBundle+DynatraceExample.swift -> dynatrace_instrumented/current/Derived/Sources/TuistBundle+DynatraceExample.swift
2024-10-18 19:39:23.818    Restore             	Restoring original source file from Derived/Sources/TuistBundle+DynatraceExample.swift.orig to Derived/Sources/TuistBundle+DynatraceExample.swift
2024-10-18 19:39:23.818    Restore             	Truncating and replacing: /Users/igor/Desktop/Ackee/dynatrace-instrumentor-example/Derived/Sources/TuistBundle+DynatraceExample.swift
2024-10-18 19:39:23.818    Restore             	⏹⬆️ Stop restoring: Derived/Sources/TuistBundle+DynatraceExample.swift.orig
2024-10-18 19:39:23.819    Restore             	⏮⬇️ Start restoring: dynatrace-example/Tests/DynatraceExample2Tests.swift.orig
2024-10-18 19:39:23.819    Restore             	Collecting intrumented file for review (dynatrace-example/Tests/DynatraceExample2Tests.swift -> dynatrace_instrumented/current/dynatrace-example/Tests/DynatraceExample2Tests.swift
2024-10-18 19:39:23.820    Restore             	Restoring original source file from dynatrace-example/Tests/DynatraceExample2Tests.swift.orig to dynatrace-example/Tests/DynatraceExample2Tests.swift
2024-10-18 19:39:23.820    Restore             	Truncating and replacing: /Users/igor/Desktop/Ackee/dynatrace-instrumentor-example/dynatrace-example/Tests/DynatraceExample2Tests.swift
2024-10-18 19:39:23.820    Restore             	⏹⬆️ Stop restoring: dynatrace-example/Tests/DynatraceExample2Tests.swift.orig
2024-10-18 19:39:23.820    Restore             	⏮⬇️ Start restoring: dynatrace-example/Sources/ContentView.swift.orig
2024-10-18 19:39:23.820    Restore             	Collecting intrumented file for review (dynatrace-example/Sources/ContentView.swift -> dynatrace_instrumented/current/dynatrace-example/Sources/ContentView.swift
2024-10-18 19:39:23.821    Restore             	Restoring original source file from dynatrace-example/Sources/ContentView.swift.orig to dynatrace-example/Sources/ContentView.swift
2024-10-18 19:39:23.821    Restore             	Truncating and replacing: /Users/igor/Desktop/Ackee/dynatrace-instrumentor-example/dynatrace-example/Sources/ContentView.swift
2024-10-18 19:39:23.821    Restore             	⏹⬆️ Stop restoring: dynatrace-example/Sources/ContentView.swift.orig
2024-10-18 19:39:23.821    Restore             	⏮⬇️ Start restoring: dynatrace-example/Sources/main.swift.orig
2024-10-18 19:39:23.821    Restore             	Collecting intrumented file for review (dynatrace-example/Sources/main.swift -> dynatrace_instrumented/current/dynatrace-example/Sources/main.swift
2024-10-18 19:39:23.822    Restore             	Restoring original source file from dynatrace-example/Sources/main.swift.orig to dynatrace-example/Sources/main.swift
2024-10-18 19:39:23.822    Restore             	Truncating and replacing: /Users/igor/Desktop/Ackee/dynatrace-instrumentor-example/dynatrace-example/Sources/main.swift
2024-10-18 19:39:23.822    Restore             	⏹⬆️ Stop restoring: dynatrace-example/Sources/main.swift.orig
2024-10-18 19:39:23.822    Restore             	⏮⬇️ Start restoring: dynatrace-example/Sources/AppDelegate.swift.orig
2024-10-18 19:39:23.822    Restore             	Collecting intrumented file for review (dynatrace-example/Sources/AppDelegate.swift -> dynatrace_instrumented/current/dynatrace-example/Sources/AppDelegate.swift
2024-10-18 19:39:23.823    Restore             	Restoring original source file from dynatrace-example/Sources/AppDelegate.swift.orig to dynatrace-example/Sources/AppDelegate.swift
2024-10-18 19:39:23.823    Restore             	Truncating and replacing: /Users/igor/Desktop/Ackee/dynatrace-instrumentor-example/dynatrace-example/Sources/AppDelegate.swift
2024-10-18 19:39:23.823    Restore             	⏹⬆️ Stop restoring: dynatrace-example/Sources/AppDelegate.swift.orig
2024-10-18 19:39:23.835    Restore             	⏮⬇️ Start restoring: Project.swift.orig
2024-10-18 19:39:23.836    Restore             	Collecting intrumented file for review (Project.swift -> dynatrace_instrumented/current/Project.swift
2024-10-18 19:39:23.836    Restore             	Restoring original source file from Project.swift.orig to Project.swift
2024-10-18 19:39:23.836    Restore             	Truncating and replacing: /Users/igor/Desktop/Ackee/dynatrace-instrumentor-example/Project.swift
2024-10-18 19:39:23.837    Restore             	⏹⬆️ Stop restoring: Project.swift.orig
2024-10-18 19:39:23.849    Restore             	Freeing instrumentation lock (/Users/igor/Desktop/Ackee/dynatrace-instrumentor-example/.dynatrace/.lock)
2024-10-18 19:39:23.850    Restore             	Zipping instrumentation to /Users/igor/Desktop/Ackee/dynatrace-instrumentor-example/dynatrace_instrumented/2024-10-18_193923_dynatrace_instrumented.zip
2024-10-18 19:39:23.855    Watchdog            	Build DB dispatch source fired.
2024-10-18 19:39:23.855    Watchdog            	Build DB dispatch source fired.
2024-10-18 19:39:23.855    Watchdog            	Build DB dispatch source fired.
2024-10-18 19:39:23.855    Watchdog            	Interrupting poll interval and re-checking DB with result: success
2024-10-18 19:39:23.855    Watchdog            	Build DB dispatch source fired.
2024-10-18 19:39:23.855    Watchdog            	Interrupting poll interval and re-checking DB with result: success
2024-10-18 19:39:23.855    Watchdog            	Build DB dispatch source fired.
2024-10-18 19:39:23.855    Watchdog            	Build DB dispatch source fired.
2024-10-18 19:39:23.856    Watchdog            	Build DB dispatch source fired.
2024-10-18 19:39:23.856    Watchdog            	Build DB dispatch source fired.
2024-10-18 19:39:23.856    Watchdog            	Build DB dispatch source fired.
2024-10-18 19:39:23.856    Watchdog            	Query prepared failed: database disk image is malformed
2024-10-18 19:39:23.856    Watchdog            	Query not successful (iteration=-1 version=-1), retrying (120).
2024-10-18 19:39:23.857    Restore             	Restoration completed
2024-10-18 19:39:24.362    Watchdog            	Iteration update found: 1
2024-10-18 19:39:24.363    CrashReporter       	Set started from crash to: false
2024-10-18 19:39:24.364    Restore             	Backup instrumented *.swift files and restore original versions
2024-10-18 19:39:24.391    Restore             	Freeing instrumentation lock (/Users/igor/Desktop/Ackee/dynatrace-instrumentor-example/.dynatrace/.lock)
